<?xml version="1.0" encoding="UTF-8"?>
<testng-results ignored="2" total="6" passed="3" failed="1" skipped="0">
  <reporter-output>
  </reporter-output>
  <suite started-at="2022-05-11T09:26:50 IST" name="Kite Zerodha Project" finished-at="2022-05-11T09:26:54 IST" duration-ms="3329">
    <groups>
    </groups>
    <test started-at="2022-05-11T09:26:50 IST" name="Buy/Sell Module" finished-at="2022-05-11T09:26:54 IST" duration-ms="3329">
      <class name="testclasses.LoginPageTest">
        <test-method is-config="true" signature="initBrowser()[pri:0, instance:testclasses.LoginPageTest@821330f]" started-at="2022-05-11T09:26:45 IST" name="initBrowser" finished-at="2022-05-11T09:26:50 IST" duration-ms="5399" status="PASS">
          <reporter-output>
          </reporter-output>
        </test-method> <!-- initBrowser -->
        <test-method is-config="true" signature="objectCreation()[pri:0, instance:testclasses.LoginPageTest@821330f]" started-at="2022-05-11T09:26:50 IST" name="objectCreation" finished-at="2022-05-11T09:26:50 IST" duration-ms="39" status="PASS">
          <reporter-output>
          </reporter-output>
        </test-method> <!-- objectCreation -->
        <test-method signature="verifyLogin()[pri:1, instance:testclasses.LoginPageTest@821330f]" started-at="2022-05-11T09:26:50 IST" name="verifyLogin" finished-at="2022-05-11T09:26:51 IST" duration-ms="664" status="PASS">
          <reporter-output>
          </reporter-output>
        </test-method> <!-- verifyLogin -->
        <test-method signature="titleValidation()[pri:2, instance:testclasses.LoginPageTest@821330f]" started-at="2022-05-11T09:26:51 IST" name="titleValidation" finished-at="2022-05-11T09:26:52 IST" duration-ms="1450" status="FAIL">
          <exception class="java.lang.AssertionError">
            <message>
              <![CDATA[expected [Dashboarddd / Kiteee] but found [Dashboard / Kite]]]>
            </message>
            <full-stacktrace>
              <![CDATA[java.lang.AssertionError: expected [Dashboarddd / Kiteee] but found [Dashboard / Kite]
at org.testng.Assert.fail(Assert.java:110)
at org.testng.Assert.failNotEquals(Assert.java:1413)
at org.testng.Assert.assertEqualsImpl(Assert.java:149)
at org.testng.Assert.assertEquals(Assert.java:131)
at org.testng.Assert.assertEquals(Assert.java:655)
at org.testng.Assert.assertEquals(Assert.java:665)
at testclasses.LoginPageTest.titleValidation(LoginPageTest.java:27)
at java.base/jdk.internal.reflect.NativeMethodAccessorImpl.invoke0(Native Method)
at java.base/jdk.internal.reflect.NativeMethodAccessorImpl.invoke(NativeMethodAccessorImpl.java:77)
at java.base/jdk.internal.reflect.DelegatingMethodAccessorImpl.invoke(DelegatingMethodAccessorImpl.java:43)
at java.base/java.lang.reflect.Method.invoke(Method.java:568)
at org.testng.internal.invokers.MethodInvocationHelper.invokeMethod(MethodInvocationHelper.java:135)
at org.testng.internal.invokers.TestInvoker.invokeMethod(TestInvoker.java:673)
at org.testng.internal.invokers.TestInvoker.invokeTestMethod(TestInvoker.java:220)
at org.testng.internal.invokers.MethodRunner.runInSequence(MethodRunner.java:50)
at org.testng.internal.invokers.TestInvoker$MethodInvocationAgent.invoke(TestInvoker.java:945)
at org.testng.internal.invokers.TestInvoker.invokeTestMethods(TestInvoker.java:193)
at org.testng.internal.invokers.TestMethodWorker.invokeTestMethods(TestMethodWorker.java:146)
at org.testng.internal.invokers.TestMethodWorker.run(TestMethodWorker.java:128)
at java.base/java.util.ArrayList.forEach(ArrayList.java:1511)
at org.testng.TestRunner.privateRun(TestRunner.java:808)
at org.testng.TestRunner.run(TestRunner.java:603)
at org.testng.SuiteRunner.runTest(SuiteRunner.java:429)
at org.testng.SuiteRunner.runSequentially(SuiteRunner.java:423)
at org.testng.SuiteRunner.privateRun(SuiteRunner.java:383)
at org.testng.SuiteRunner.run(SuiteRunner.java:326)
at org.testng.SuiteRunnerWorker.runSuite(SuiteRunnerWorker.java:52)
at org.testng.SuiteRunnerWorker.run(SuiteRunnerWorker.java:95)
at org.testng.TestNG.runSuitesSequentially(TestNG.java:1249)
at org.testng.TestNG.runSuitesLocally(TestNG.java:1169)
at org.testng.TestNG.runSuites(TestNG.java:1092)
at org.testng.TestNG.run(TestNG.java:1060)
at org.apache.maven.surefire.testng.TestNGExecutor.run(TestNGExecutor.java:283)
at org.apache.maven.surefire.testng.TestNGXmlTestSuite.execute(TestNGXmlTestSuite.java:75)
at org.apache.maven.surefire.testng.TestNGProvider.invoke(TestNGProvider.java:120)
at org.apache.maven.surefire.booter.ForkedBooter.invokeProviderInSameClassLoader(ForkedBooter.java:386)
at org.apache.maven.surefire.booter.ForkedBooter.runSuitesInProcess(ForkedBooter.java:323)
at org.apache.maven.surefire.booter.ForkedBooter.main(ForkedBooter.java:143)
]]>
            </full-stacktrace>
          </exception> <!-- java.lang.AssertionError -->
          <reporter-output>
          </reporter-output>
        </test-method> <!-- titleValidation -->
        <test-method is-config="true" signature="tearDown()[pri:0, instance:testclasses.LoginPageTest@821330f]" started-at="2022-05-11T09:26:54 IST" name="tearDown" finished-at="2022-05-11T09:26:55 IST" duration-ms="314" status="PASS">
          <reporter-output>
          </reporter-output>
        </test-method> <!-- tearDown -->
      </class> <!-- testclasses.LoginPageTest -->
      <class name="testclasses.DashBoardTest">
        <test-method is-config="true" signature="objectCreation()[pri:0, instance:testclasses.DashBoardTest@4f0f2942]" started-at="2022-05-11T09:26:53 IST" name="objectCreation" finished-at="2022-05-11T09:26:53 IST" duration-ms="0" status="PASS">
          <reporter-output>
          </reporter-output>
        </test-method> <!-- objectCreation -->
        <test-method signature="searchValidation()[pri:3, instance:testclasses.DashBoardTest@4f0f2942]" started-at="2022-05-11T09:26:53 IST" name="searchValidation" finished-at="2022-05-11T09:26:53 IST" duration-ms="426" status="PASS">
          <reporter-output>
          </reporter-output>
        </test-method> <!-- searchValidation -->
        <test-method signature="buySharesValidation()[pri:4, instance:testclasses.DashBoardTest@4f0f2942]" started-at="2022-05-11T09:26:53 IST" name="buySharesValidation" finished-at="2022-05-11T09:26:54 IST" duration-ms="393" status="PASS">
          <reporter-output>
          </reporter-output>
        </test-method> <!-- buySharesValidation -->
      </class> <!-- testclasses.DashBoardTest -->
    </test> <!-- Buy/Sell Module -->
  </suite> <!-- Kite Zerodha Project -->
</testng-results>
